# JRE version: OpenJDK Runtime Environment (17.0.11) (build 17.0.11+0--11852314)
# Java VM: OpenJDK 64-Bit Server VM (17.0.11+0--11852314, mixed mode, tiered, compressed oops, compressed class ptrs, g1 gc, windows-amd64)
GC Precious Log:
 CPUs: 2 total, 2 available
 Memory: 3503M
 Large Page Support: Disabled
 NUMA Support: Disabled
 Compressed Oops: Enabled (32-bit)
 Heap Region Size: 1M
 Heap Min Capacity: 8M
 Heap Initial Capacity: 56M
 Heap Max Capacity: 876M
 Pre-touch: Disabled
 Parallel Workers: 2
 Concurrent Workers: 1
 Concurrent Refinement Workers: 2
 Periodic GC: Disabled
Heap:
 garbage-first heap   total 197632K, used 149737K [0x00000000c9400000, 0x0000000100000000)
  region size 1024K, 7 young (7168K), 2 survivors (2048K)
 Metaspace       used 93743K, committed 94144K, reserved 1179648K
  class space    used 9778K, committed 9984K, reserved 1048576K
GC Heap History (20 events):
Event: 172.418 GC heap before
{Heap before GC invocations=67 (full 0):
 garbage-first heap   total 167936K, used 145932K [0x00000000c9400000, 0x0000000100000000)
  region size 1024K, 10 young (10240K), 1 survivors (1024K)
 Metaspace       used 93387K, committed 93824K, reserved 1179648K
  class space    used 9771K, committed 9984K, reserved 1048576K
}
Event: 172.424 GC heap after
{Heap after GC invocations=68 (full 0):
 garbage-first heap   total 167936K, used 137661K [0x00000000c9400000, 0x0000000100000000)
  region size 1024K, 2 young (2048K), 2 survivors (2048K)
 Metaspace       used 93387K, committed 93824K, reserved 1179648K
  class space    used 9771K, committed 9984K, reserved 1048576K
}
Event: 172.897 GC heap before
{Heap before GC invocations=68 (full 0):
 garbage-first heap   total 167936K, used 145853K [0x00000000c9400000, 0x0000000100000000)
  region size 1024K, 10 young (10240K), 2 survivors (2048K)
 Metaspace       used 93457K, committed 93888K, reserved 1179648K
  class space    used 9773K, committed 9984K, reserved 1048576K
}
Event: 172.912 GC heap after
{Heap after GC invocations=69 (full 0):
 garbage-first heap   total 167936K, used 138448K [0x00000000c9400000, 0x0000000100000000)
  region size 1024K, 1 young (1024K), 1 survivors (1024K)
 Metaspace       used 93457K, committed 93888K, reserved 1179648K
  class space    used 9773K, committed 9984K, reserved 1048576K
}
Event: 173.254 GC heap before
{Heap before GC invocations=69 (full 0):
 garbage-first heap   total 167936K, used 146640K [0x00000000c9400000, 0x0000000100000000)
  region size 1024K, 9 young (9216K), 1 survivors (1024K)
 Metaspace       used 93545K, committed 93952K, reserved 1179648K
  class space    used 9778K, committed 9984K, reserved 1048576K
}
Event: 173.258 GC heap after
{Heap after GC invocations=70 (full 0):
 garbage-first heap   total 167936K, used 138974K [0x00000000c9400000, 0x0000000100000000)
  region size 1024K, 2 young (2048K), 2 survivors (2048K)
 Metaspace       used 93545K, committed 93952K, reserved 1179648K
  class space    used 9778K, committed 9984K, reserved 1048576K
}
Event: 173.535 GC heap before
{Heap before GC invocations=70 (full 0):
 garbage-first heap   total 167936K, used 146142K [0x00000000c9400000, 0x0000000100000000)
  region size 1024K, 9 young (9216K), 2 survivors (2048K)
 Metaspace       used 93607K, committed 94016K, reserved 1179648K
  class space    used 9778K, committed 9984K, reserved 1048576K
}
Event: 173.540 GC heap after
{Heap after GC invocations=71 (full 0):
 garbage-first heap   total 167936K, used 139562K [0x00000000c9400000, 0x0000000100000000)
  region size 1024K, 2 young (2048K), 2 survivors (2048K)
 Metaspace       used 93607K, committed 94016K, reserved 1179648K
  class space    used 9778K, committed 9984K, reserved 1048576K
}
Event: 174.437 GC heap before
{Heap before GC invocations=71 (full 0):
 garbage-first heap   total 167936K, used 145706K [0x00000000c9400000, 0x0000000100000000)
  region size 1024K, 8 young (8192K), 2 survivors (2048K)
 Metaspace       used 93626K, committed 94016K, reserved 1179648K
  class space    used 9778K, committed 9984K, reserved 1048576K
}
Event: 174.442 GC heap after
{Heap after GC invocations=72 (full 0):
 garbage-first heap   total 167936K, used 140342K [0x00000000c9400000, 0x0000000100000000)
  region size 1024K, 1 young (1024K), 1 survivors (1024K)
 Metaspace       used 93626K, committed 94016K, reserved 1179648K
  class space    used 9778K, committed 9984K, reserved 1048576K
}
Event: 175.179 GC heap before
{Heap before GC invocations=72 (full 0):
 garbage-first heap   total 167936K, used 147510K [0x00000000c9400000, 0x0000000100000000)
  region size 1024K, 8 young (8192K), 1 survivors (1024K)
 Metaspace       used 93631K, committed 94080K, reserved 1179648K
  class space    used 9778K, committed 9984K, reserved 1048576K
}
Event: 175.186 GC heap after
{Heap after GC invocations=73 (full 0):
 garbage-first heap   total 167936K, used 141464K [0x00000000c9400000, 0x0000000100000000)
  region size 1024K, 1 young (1024K), 1 survivors (1024K)
 Metaspace       used 93631K, committed 94080K, reserved 1179648K
  class space    used 9778K, committed 9984K, reserved 1048576K
}
Event: 175.227 GC heap before
{Heap before GC invocations=73 (full 0):
 garbage-first heap   total 167936K, used 148632K [0x00000000c9400000, 0x0000000100000000)
  region size 1024K, 8 young (8192K), 1 survivors (1024K)
 Metaspace       used 93632K, committed 94080K, reserved 1179648K
  class space    used 9778K, committed 9984K, reserved 1048576K
}
Event: 175.237 GC heap after
{Heap after GC invocations=74 (full 0):
 garbage-first heap   total 167936K, used 143952K [0x00000000c9400000, 0x0000000100000000)
  region size 1024K, 1 young (1024K), 1 survivors (1024K)
 Metaspace       used 93632K, committed 94080K, reserved 1179648K
  class space    used 9778K, committed 9984K, reserved 1048576K
}
Event: 175.355 GC heap before
{Heap before GC invocations=74 (full 0):
 garbage-first heap   total 167936K, used 151120K [0x00000000c9400000, 0x0000000100000000)
  region size 1024K, 8 young (8192K), 1 survivors (1024K)
 Metaspace       used 93633K, committed 94080K, reserved 1179648K
  class space    used 9778K, committed 9984K, reserved 1048576K
}
Event: 175.363 GC heap after
{Heap after GC invocations=75 (full 0):
 garbage-first heap   total 197632K, used 144639K [0x00000000c9400000, 0x0000000100000000)
  region size 1024K, 1 young (1024K), 1 survivors (1024K)
 Metaspace       used 93633K, committed 94080K, reserved 1179648K
  class space    used 9778K, committed 9984K, reserved 1048576K
}
Event: 176.197 GC heap before
{Heap before GC invocations=75 (full 0):
 garbage-first heap   total 197632K, used 165119K [0x00000000c9400000, 0x0000000100000000)
  region size 1024K, 21 young (21504K), 1 survivors (1024K)
 Metaspace       used 93705K, committed 94144K, reserved 1179648K
  class space    used 9778K, committed 9984K, reserved 1048576K
}
Event: 176.210 GC heap after
{Heap after GC invocations=76 (full 0):
 garbage-first heap   total 197632K, used 146381K [0x00000000c9400000, 0x0000000100000000)
  region size 1024K, 3 young (3072K), 3 survivors (3072K)
 Metaspace       used 93705K, committed 94144K, reserved 1179648K
  class space    used 9778K, committed 9984K, reserved 1048576K
}
Event: 176.443 GC heap before
{Heap before GC invocations=76 (full 0):
 garbage-first heap   total 197632K, used 166861K [0x00000000c9400000, 0x0000000100000000)
  region size 1024K, 23 young (23552K), 3 survivors (3072K)
 Metaspace       used 93728K, committed 94144K, reserved 1179648K
  class space    used 9778K, committed 9984K, reserved 1048576K
}
Event: 176.474 GC heap after
{Heap after GC invocations=77 (full 0):
 garbage-first heap   total 197632K, used 147689K [0x00000000c9400000, 0x0000000100000000)
  region size 1024K, 2 young (2048K), 2 survivors (2048K)
 Metaspace       used 93728K, committed 94144K, reserved 1179648K
  class space    used 9778K, committed 9984K, reserved 1048576K
}

