# JRE version: OpenJDK Runtime Environment (17.0.11) (build 17.0.11+0--11852314)
# Java VM: OpenJDK 64-Bit Server VM (17.0.11+0--11852314, mixed mode, tiered, compressed oops, compressed class ptrs, g1 gc, windows-amd64)
GC Precious Log:
 CPUs: 2 total, 2 available
 Memory: 3503M
 Large Page Support: Disabled
 NUMA Support: Disabled
 Compressed Oops: Enabled (32-bit)
 Heap Region Size: 1M
 Heap Min Capacity: 8M
 Heap Initial Capacity: 56M
 Heap Max Capacity: 876M
 Pre-touch: Disabled
 Parallel Workers: 2
 Concurrent Workers: 1
 Concurrent Refinement Workers: 2
 Periodic GC: Disabled
Heap:
 garbage-first heap   total 45056K, used 31074K [0x00000000c9400000, 0x0000000100000000)
  region size 1024K, 10 young (10240K), 1 survivors (1024K)
 Metaspace       used 34670K, committed 34880K, reserved 1114112K
  class space    used 4390K, committed 4480K, reserved 1048576K
GC Heap History (20 events):
Event: 15.560 GC heap before
{Heap before GC invocations=3 (full 0):
 garbage-first heap   total 57344K, used 37478K [0x00000000c9400000, 0x0000000100000000)
  region size 1024K, 33 young (33792K), 2 survivors (2048K)
 Metaspace       used 21304K, committed 21504K, reserved 1114112K
  class space    used 2309K, committed 2432K, reserved 1048576K
}
Event: 15.569 GC heap after
{Heap after GC invocations=4 (full 0):
 garbage-first heap   total 57344K, used 8253K [0x00000000c9400000, 0x0000000100000000)
  region size 1024K, 3 young (3072K), 3 survivors (3072K)
 Metaspace       used 21304K, committed 21504K, reserved 1114112K
  class space    used 2309K, committed 2432K, reserved 1048576K
}
Event: 19.751 GC heap before
{Heap before GC invocations=5 (full 0):
 garbage-first heap   total 34816K, used 25661K [0x00000000c9400000, 0x0000000100000000)
  region size 1024K, 20 young (20480K), 3 survivors (3072K)
 Metaspace       used 26513K, committed 26752K, reserved 1114112K
  class space    used 2966K, committed 3072K, reserved 1048576K
}
Event: 19.761 GC heap after
{Heap after GC invocations=6 (full 0):
 garbage-first heap   total 34816K, used 9125K [0x00000000c9400000, 0x0000000100000000)
  region size 1024K, 1 young (1024K), 1 survivors (1024K)
 Metaspace       used 26513K, committed 26752K, reserved 1114112K
  class space    used 2966K, committed 3072K, reserved 1048576K
}
Event: 19.920 GC heap before
{Heap before GC invocations=6 (full 0):
 garbage-first heap   total 34816K, used 10149K [0x00000000c9400000, 0x0000000100000000)
  region size 1024K, 2 young (2048K), 1 survivors (1024K)
 Metaspace       used 26809K, committed 27008K, reserved 1114112K
  class space    used 3019K, committed 3072K, reserved 1048576K
}
Event: 19.930 GC heap after
{Heap after GC invocations=7 (full 0):
 garbage-first heap   total 34816K, used 9418K [0x00000000c9400000, 0x0000000100000000)
  region size 1024K, 1 young (1024K), 1 survivors (1024K)
 Metaspace       used 26809K, committed 27008K, reserved 1114112K
  class space    used 3019K, committed 3072K, reserved 1048576K
}
Event: 21.563 GC heap before
{Heap before GC invocations=7 (full 0):
 garbage-first heap   total 34816K, used 25802K [0x00000000c9400000, 0x0000000100000000)
  region size 1024K, 16 young (16384K), 1 survivors (1024K)
 Metaspace       used 29527K, committed 29824K, reserved 1114112K
  class space    used 3622K, committed 3712K, reserved 1048576K
}
Event: 21.576 GC heap after
{Heap after GC invocations=8 (full 0):
 garbage-first heap   total 34816K, used 15043K [0x00000000c9400000, 0x0000000100000000)
  region size 1024K, 2 young (2048K), 2 survivors (2048K)
 Metaspace       used 29527K, committed 29824K, reserved 1114112K
  class space    used 3622K, committed 3712K, reserved 1048576K
}
Event: 22.028 GC heap before
{Heap before GC invocations=8 (full 0):
 garbage-first heap   total 34816K, used 26307K [0x00000000c9400000, 0x0000000100000000)
  region size 1024K, 11 young (11264K), 2 survivors (2048K)
 Metaspace       used 29556K, committed 29824K, reserved 1114112K
  class space    used 3622K, committed 3712K, reserved 1048576K
}
Event: 22.040 GC heap after
{Heap after GC invocations=9 (full 0):
 garbage-first heap   total 34816K, used 17250K [0x00000000c9400000, 0x0000000100000000)
  region size 1024K, 2 young (2048K), 2 survivors (2048K)
 Metaspace       used 29556K, committed 29824K, reserved 1114112K
  class space    used 3622K, committed 3712K, reserved 1048576K
}
Event: 23.476 GC heap before
{Heap before GC invocations=9 (full 0):
 garbage-first heap   total 34816K, used 24418K [0x00000000c9400000, 0x0000000100000000)
  region size 1024K, 9 young (9216K), 2 survivors (2048K)
 Metaspace       used 30242K, committed 30528K, reserved 1114112K
  class space    used 3689K, committed 3840K, reserved 1048576K
}
Event: 23.497 GC heap after
{Heap after GC invocations=10 (full 0):
 garbage-first heap   total 34816K, used 19264K [0x00000000c9400000, 0x0000000100000000)
  region size 1024K, 2 young (2048K), 2 survivors (2048K)
 Metaspace       used 30242K, committed 30528K, reserved 1114112K
  class space    used 3689K, committed 3840K, reserved 1048576K
}
Event: 24.291 GC heap before
{Heap before GC invocations=10 (full 0):
 garbage-first heap   total 34816K, used 24384K [0x00000000c9400000, 0x0000000100000000)
  region size 1024K, 8 young (8192K), 2 survivors (2048K)
 Metaspace       used 32293K, committed 32512K, reserved 1114112K
  class space    used 4124K, committed 4224K, reserved 1048576K
}
Event: 24.298 GC heap after
{Heap after GC invocations=11 (full 0):
 garbage-first heap   total 34816K, used 19823K [0x00000000c9400000, 0x0000000100000000)
  region size 1024K, 1 young (1024K), 1 survivors (1024K)
 Metaspace       used 32293K, committed 32512K, reserved 1114112K
  class space    used 4124K, committed 4224K, reserved 1048576K
}
Event: 24.811 GC heap before
{Heap before GC invocations=12 (full 0):
 garbage-first heap   total 35840K, used 25967K [0x00000000c9400000, 0x0000000100000000)
  region size 1024K, 7 young (7168K), 1 survivors (1024K)
 Metaspace       used 33946K, committed 34176K, reserved 1114112K
  class space    used 4307K, committed 4416K, reserved 1048576K
}
Event: 24.817 GC heap after
{Heap after GC invocations=13 (full 0):
 garbage-first heap   total 45056K, used 20480K [0x00000000c9400000, 0x0000000100000000)
  region size 1024K, 1 young (1024K), 1 survivors (1024K)
 Metaspace       used 33946K, committed 34176K, reserved 1114112K
  class space    used 4307K, committed 4416K, reserved 1048576K
}
Event: 24.861 GC heap before
{Heap before GC invocations=13 (full 0):
 garbage-first heap   total 45056K, used 20480K [0x00000000c9400000, 0x0000000100000000)
  region size 1024K, 2 young (2048K), 1 survivors (1024K)
 Metaspace       used 34106K, committed 34304K, reserved 1114112K
  class space    used 4332K, committed 4416K, reserved 1048576K
}
Event: 24.871 GC heap after
{Heap after GC invocations=14 (full 0):
 garbage-first heap   total 45056K, used 20402K [0x00000000c9400000, 0x0000000100000000)
  region size 1024K, 1 young (1024K), 1 survivors (1024K)
 Metaspace       used 34106K, committed 34304K, reserved 1114112K
  class space    used 4332K, committed 4416K, reserved 1048576K
}
Event: 25.045 GC heap before
{Heap before GC invocations=14 (full 0):
 garbage-first heap   total 45056K, used 22450K [0x00000000c9400000, 0x0000000100000000)
  region size 1024K, 4 young (4096K), 1 survivors (1024K)
 Metaspace       used 34616K, committed 34816K, reserved 1114112K
  class space    used 4390K, committed 4480K, reserved 1048576K
}
Event: 25.048 GC heap after
{Heap after GC invocations=15 (full 0):
 garbage-first heap   total 45056K, used 20834K [0x00000000c9400000, 0x0000000100000000)
  region size 1024K, 1 young (1024K), 1 survivors (1024K)
 Metaspace       used 34616K, committed 34816K, reserved 1114112K
  class space    used 4390K, committed 4480K, reserved 1048576K
}

