# JRE version: OpenJDK Runtime Environment (17.0.11) (build 17.0.11+0--11852314)
# Java VM: OpenJDK 64-Bit Server VM (17.0.11+0--11852314, mixed mode, tiered, compressed oops, compressed class ptrs, g1 gc, windows-amd64)
GC Precious Log:
 CPUs: 2 total, 2 available
 Memory: 3503M
 Large Page Support: Disabled
 NUMA Support: Disabled
 Compressed Oops: Enabled (32-bit)
 Heap Region Size: 1M
 Heap Min Capacity: 8M
 Heap Initial Capacity: 56M
 Heap Max Capacity: 876M
 Pre-touch: Disabled
 Parallel Workers: 2
 Concurrent Workers: 1
 Concurrent Refinement Workers: 2
 Periodic GC: Disabled
Heap:
 garbage-first heap   total 142336K, used 105334K [0x00000000c9400000, 0x0000000100000000)
  region size 1024K, 17 young (17408K), 4 survivors (4096K)
 Metaspace       used 65958K, committed 66304K, reserved 1114112K
  class space    used 7388K, committed 7552K, reserved 1048576K
GC Heap History (20 events):
Event: 110.426 GC heap before
{Heap before GC invocations=58 (full 0):
 garbage-first heap   total 116736K, used 95618K [0x00000000c9400000, 0x0000000100000000)
  region size 1024K, 27 young (27648K), 4 survivors (4096K)
 Metaspace       used 62798K, committed 63168K, reserved 1114112K
  class space    used 7183K, committed 7360K, reserved 1048576K
}
Event: 110.448 GC heap after
{Heap after GC invocations=59 (full 0):
 garbage-first heap   total 116736K, used 74658K [0x00000000c9400000, 0x0000000100000000)
  region size 1024K, 3 young (3072K), 3 survivors (3072K)
 Metaspace       used 62798K, committed 63168K, reserved 1114112K
  class space    used 7183K, committed 7360K, reserved 1048576K
}
Event: 118.325 GC heap before
{Heap before GC invocations=60 (full 0):
 garbage-first heap   total 128000K, used 95138K [0x00000000c9400000, 0x0000000100000000)
  region size 1024K, 23 young (23552K), 3 survivors (3072K)
 Metaspace       used 63300K, committed 63616K, reserved 1114112K
  class space    used 7189K, committed 7360K, reserved 1048576K
}
Event: 118.345 GC heap after
{Heap after GC invocations=61 (full 0):
 garbage-first heap   total 128000K, used 77061K [0x00000000c9400000, 0x0000000100000000)
  region size 1024K, 3 young (3072K), 3 survivors (3072K)
 Metaspace       used 63300K, committed 63616K, reserved 1114112K
  class space    used 7189K, committed 7360K, reserved 1048576K
}
Event: 118.719 GC heap before
{Heap before GC invocations=61 (full 0):
 garbage-first heap   total 128000K, used 80133K [0x00000000c9400000, 0x0000000100000000)
  region size 1024K, 6 young (6144K), 3 survivors (3072K)
 Metaspace       used 63338K, committed 63680K, reserved 1114112K
  class space    used 7190K, committed 7360K, reserved 1048576K
}
Event: 118.734 GC heap after
{Heap after GC invocations=62 (full 0):
 garbage-first heap   total 128000K, used 77232K [0x00000000c9400000, 0x0000000100000000)
  region size 1024K, 1 young (1024K), 1 survivors (1024K)
 Metaspace       used 63338K, committed 63680K, reserved 1114112K
  class space    used 7190K, committed 7360K, reserved 1048576K
}
Event: 124.782 GC heap before
{Heap before GC invocations=62 (full 0):
 garbage-first heap   total 128000K, used 105904K [0x00000000c9400000, 0x0000000100000000)
  region size 1024K, 28 young (28672K), 1 survivors (1024K)
 Metaspace       used 63820K, committed 64128K, reserved 1114112K
  class space    used 7196K, committed 7360K, reserved 1048576K
}
Event: 124.808 GC heap after
{Heap after GC invocations=63 (full 0):
 garbage-first heap   total 128000K, used 79601K [0x00000000c9400000, 0x0000000100000000)
  region size 1024K, 3 young (3072K), 3 survivors (3072K)
 Metaspace       used 63820K, committed 64128K, reserved 1114112K
  class space    used 7196K, committed 7360K, reserved 1048576K
}
Event: 131.514 GC heap before
{Heap before GC invocations=63 (full 0):
 garbage-first heap   total 128000K, used 101105K [0x00000000c9400000, 0x0000000100000000)
  region size 1024K, 25 young (25600K), 3 survivors (3072K)
 Metaspace       used 63999K, committed 64320K, reserved 1114112K
  class space    used 7202K, committed 7360K, reserved 1048576K
}
Event: 131.537 GC heap after
{Heap after GC invocations=64 (full 0):
 garbage-first heap   total 128000K, used 81384K [0x00000000c9400000, 0x0000000100000000)
  region size 1024K, 2 young (2048K), 2 survivors (2048K)
 Metaspace       used 63999K, committed 64320K, reserved 1114112K
  class space    used 7202K, committed 7360K, reserved 1048576K
}
Event: 142.335 GC heap before
{Heap before GC invocations=65 (full 0):
 garbage-first heap   total 142336K, used 106984K [0x00000000c9400000, 0x0000000100000000)
  region size 1024K, 26 young (26624K), 2 survivors (2048K)
 Metaspace       used 65550K, committed 65792K, reserved 1114112K
  class space    used 7351K, committed 7488K, reserved 1048576K
}
Event: 142.351 GC heap after
{Heap after GC invocations=66 (full 0):
 garbage-first heap   total 142336K, used 85125K [0x00000000c9400000, 0x0000000100000000)
  region size 1024K, 4 young (4096K), 4 survivors (4096K)
 Metaspace       used 65550K, committed 65792K, reserved 1114112K
  class space    used 7351K, committed 7488K, reserved 1048576K
}
Event: 142.616 GC heap before
{Heap before GC invocations=66 (full 0):
 garbage-first heap   total 142336K, used 87173K [0x00000000c9400000, 0x0000000100000000)
  region size 1024K, 6 young (6144K), 4 survivors (4096K)
 Metaspace       used 65575K, committed 65856K, reserved 1114112K
  class space    used 7352K, committed 7488K, reserved 1048576K
}
Event: 142.632 GC heap after
{Heap after GC invocations=67 (full 0):
 garbage-first heap   total 142336K, used 85031K [0x00000000c9400000, 0x0000000100000000)
  region size 1024K, 1 young (1024K), 1 survivors (1024K)
 Metaspace       used 65575K, committed 65856K, reserved 1114112K
  class space    used 7352K, committed 7488K, reserved 1048576K
}
Event: 146.283 GC heap before
{Heap before GC invocations=67 (full 0):
 garbage-first heap   total 142336K, used 117799K [0x00000000c9400000, 0x0000000100000000)
  region size 1024K, 33 young (33792K), 1 survivors (1024K)
 Metaspace       used 65955K, committed 66304K, reserved 1114112K
  class space    used 7388K, committed 7552K, reserved 1048576K
}
Event: 146.301 GC heap after
{Heap after GC invocations=68 (full 0):
 garbage-first heap   total 142336K, used 86638K [0x00000000c9400000, 0x0000000100000000)
  region size 1024K, 3 young (3072K), 3 survivors (3072K)
 Metaspace       used 65955K, committed 66304K, reserved 1114112K
  class space    used 7388K, committed 7552K, reserved 1048576K
}
Event: 147.327 GC heap before
{Heap before GC invocations=68 (full 0):
 garbage-first heap   total 142336K, used 118382K [0x00000000c9400000, 0x0000000100000000)
  region size 1024K, 34 young (34816K), 3 survivors (3072K)
 Metaspace       used 65955K, committed 66304K, reserved 1114112K
  class space    used 7388K, committed 7552K, reserved 1048576K
}
Event: 147.342 GC heap after
{Heap after GC invocations=69 (full 0):
 garbage-first heap   total 142336K, used 89246K [0x00000000c9400000, 0x0000000100000000)
  region size 1024K, 5 young (5120K), 5 survivors (5120K)
 Metaspace       used 65955K, committed 66304K, reserved 1114112K
  class space    used 7388K, committed 7552K, reserved 1048576K
}
Event: 147.449 GC heap before
{Heap before GC invocations=69 (full 0):
 garbage-first heap   total 142336K, used 118942K [0x00000000c9400000, 0x0000000100000000)
  region size 1024K, 34 young (34816K), 5 survivors (5120K)
 Metaspace       used 65958K, committed 66304K, reserved 1114112K
  class space    used 7388K, committed 7552K, reserved 1048576K
}
Event: 147.471 GC heap after
{Heap after GC invocations=70 (full 0):
 garbage-first heap   total 142336K, used 93046K [0x00000000c9400000, 0x0000000100000000)
  region size 1024K, 4 young (4096K), 4 survivors (4096K)
 Metaspace       used 65958K, committed 66304K, reserved 1114112K
  class space    used 7388K, committed 7552K, reserved 1048576K
}

